<?xml version="1.0" encoding="UTF-8"?>
<!-- Generated by org.testng.reporters.JUnitReportReporter -->
<testsuite hostname="ivanstrok" failures="0" tests="2" name="eComerce_tc_4_Hybrid" time="44.676" errors="0" timestamp="2023-05-04T12:39:35 CST" skipped="0">
  <testcase classname="eComerce_tc_4_Hybrid" name="fillForm" time="21.876"/>
  <system-out/>
  <testcase classname="eComerce_tc_4_Hybrid" name="fillForm" time="22.800"/>
  <system-out/>
</testsuite> <!-- eComerce_tc_4_Hybrid -->
